<?xml version="1.0" encoding="UTF-8"?>
<!-- Generated by org.testng.reporters.JUnitXMLReporter -->
<testsuite hostname="P3A-HQSPXJ2" ignored="1" name="Smoke" tests="19" failures="5" timestamp="23 Sep 2019 04:42:46 GMT" time="14.56" errors="0">
  <testcase name="test2" time="0.011" classname="testngFeatures.DemoAssertion1"/>
  <testcase name="test5" time="0.013" classname="testngFeatures.DemoAssertion1">
    <failure type="java.lang.AssertionError" message="Its not Null expected object to not be null">
      <![CDATA[java.lang.AssertionError: Its not Null expected object to not be null
at testngFeatures.DemoAssertion1.test5(DemoAssertion1.java:35)
at java.util.concurrent.ThreadPoolExecutor.runWorker(Unknown Source)
at java.util.concurrent.ThreadPoolExecutor$Worker.run(Unknown Source)
at java.lang.Thread.run(Unknown Source)
... Removed 12 stack frames]]>
    </failure>
  </testcase> <!-- test5 -->
  <testcase name="test4" time="0.032" classname="testngFeatures.DemoAssertion1">
    <failure type="java.lang.AssertionError" message="26 is greater Genius :/ expected [false] but found [true]">
      <![CDATA[java.lang.AssertionError: 26 is greater Genius :/ expected [false] but found [true]
at testngFeatures.DemoAssertion1.test4(DemoAssertion1.java:28)
at java.util.concurrent.ThreadPoolExecutor.runWorker(Unknown Source)
at java.util.concurrent.ThreadPoolExecutor$Worker.run(Unknown Source)
at java.lang.Thread.run(Unknown Source)
... Removed 13 stack frames]]>
    </failure>
  </testcase> <!-- test4 -->
  <testcase name="test6" time="0.004" classname="testngFeatures.DemoAssertion1">
    <failure type="java.lang.AssertionError" message="Bye bye">
      <![CDATA[java.lang.AssertionError: Bye bye
at testngFeatures.DemoAssertion1.test6(DemoAssertion1.java:48)
at java.util.concurrent.ThreadPoolExecutor.runWorker(Unknown Source)
at java.util.concurrent.ThreadPoolExecutor$Worker.run(Unknown Source)
at java.lang.Thread.run(Unknown Source)
... Removed 11 stack frames]]>
    </failure>
  </testcase> <!-- test6 -->
  <testcase name="test1" time="0.036" classname="testngFeatures.DemoAssertion1">
    <failure type="java.lang.AssertionError" message="expected [Hey] but found [Hello]">
      <![CDATA[java.lang.AssertionError: expected [Hey] but found [Hello]
at testngFeatures.DemoAssertion1.test1(DemoAssertion1.java:10)
at java.util.concurrent.ThreadPoolExecutor.runWorker(Unknown Source)
at java.util.concurrent.ThreadPoolExecutor$Worker.run(Unknown Source)
at java.lang.Thread.run(Unknown Source)
... Removed 16 stack frames]]>
    </failure>
  </testcase> <!-- test1 -->
  <testcase name="test3" time="0.039" classname="testngFeatures.DemoAssertion1"/>
  <testcase name="login" time="0.002" classname="testngFeatures.DemoDataProvider"/>
  <testcase name="f" time="0.002" classname="testngFeatures.NewTest"/>
  <testcase name="login" time="0.003" classname="testngFeatures.DemoDataProvider"/>
  <testcase name="f" time="0.014" classname="testngFeatures.ExecutionSequence"/>
  <testcase name="login" time="0.008" classname="testngFeatures.DemoDataProvider"/>
  <testcase name="f" time="0.027" classname="testngFeatures.DemoSoftAssert">
    <failure type="java.lang.AssertionError" message="The following asserts failed:
	expected [10] but found [12],
	Error msg: expected [true] but found [false]">
      <![CDATA[java.lang.AssertionError: The following asserts failed:
expected [10] but found [12],
Error msg: expected [true] but found [false]
at testngFeatures.DemoSoftAssert.f(DemoSoftAssert.java:17)
at java.util.concurrent.ThreadPoolExecutor.runWorker(Unknown Source)
at java.util.concurrent.ThreadPoolExecutor$Worker.run(Unknown Source)
at java.lang.Thread.run(Unknown Source)
... Removed 11 stack frames]]>
    </failure>
  </testcase> <!-- f -->
  <testcase name="f" time="2.649" classname="testngFeatures.OpenMercury"/>
  <testcase name="openBrowser" time="0.001" classname="testngFeatures.MercuryApplication"/>
  <testcase name="openURL" time="0.001" classname="testngFeatures.MercuryApplication"/>
  <testcase name="login" time="0.001" classname="testngFeatures.MercuryApplication"/>
  <testcase name="searchFlight" time="0.001" classname="testngFeatures.MercuryApplication"/>
  <testcase name="logout" time="0.002" classname="testngFeatures.MercuryApplication"/>
  <testcase name="closeBrowser" time="0.001" classname="testngFeatures.MercuryApplication"/>
  <testcase name="bookFlight" time="0.0" classname="testngFeatures.MercuryApplication">
    <ignored/>
  </testcase> <!-- bookFlight -->
</testsuite> <!-- Smoke -->
