<?xml version="1.0" encoding="UTF-8"?>
<!-- Generated by org.testng.reporters.JUnitXMLReporter -->
<testsuite hostname="P3A-HQSPXJ2" ignored="0" name="Test" tests="7" failures="5" timestamp="23 Sep 2019 04:15:05 GMT" time="0.127" errors="0">
  <testcase name="test1" time="0.017" classname="testngFeatures.DemoAssertion1">
    <failure type="java.lang.AssertionError" message="expected [Hey] but found [Hello]">
      <![CDATA[java.lang.AssertionError: expected [Hey] but found [Hello]
at testngFeatures.DemoAssertion1.test1(DemoAssertion1.java:10)
... Removed 31 stack frames]]>
    </failure>
  </testcase> <!-- test1 -->
  <testcase name="test2" time="0.008" classname="testngFeatures.DemoAssertion1"/>
  <testcase name="test3" time="0.003" classname="testngFeatures.DemoAssertion1"/>
  <testcase name="test4" time="0.004" classname="testngFeatures.DemoAssertion1">
    <failure type="java.lang.AssertionError" message="26 is greater Genius :/ expected [false] but found [true]">
      <![CDATA[java.lang.AssertionError: 26 is greater Genius :/ expected [false] but found [true]
at testngFeatures.DemoAssertion1.test4(DemoAssertion1.java:28)
... Removed 28 stack frames]]>
    </failure>
  </testcase> <!-- test4 -->
  <testcase name="test5" time="0.004" classname="testngFeatures.DemoAssertion1">
    <failure type="java.lang.AssertionError" message="Its not Null expected object to not be null">
      <![CDATA[java.lang.AssertionError: Its not Null expected object to not be null
at testngFeatures.DemoAssertion1.test5(DemoAssertion1.java:35)
... Removed 27 stack frames]]>
    </failure>
  </testcase> <!-- test5 -->
  <testcase name="test6" time="0.005" classname="testngFeatures.DemoAssertion1">
    <failure type="java.lang.AssertionError" message="Bye bye">
      <![CDATA[java.lang.AssertionError: Bye bye
at testngFeatures.DemoAssertion1.test6(DemoAssertion1.java:48)
... Removed 26 stack frames]]>
    </failure>
  </testcase> <!-- test6 -->
  <testcase name="f" time="0.008" classname="testngFeatures.DemoSoftAssert">
    <failure type="java.lang.AssertionError" message="The following asserts failed:
	expected [10] but found [12],
	Error msg: expected [true] but found [false]">
      <![CDATA[java.lang.AssertionError: The following asserts failed:
expected [10] but found [12],
Error msg: expected [true] but found [false]
at testngFeatures.DemoSoftAssert.f(DemoSoftAssert.java:17)
... Removed 26 stack frames]]>
    </failure>
  </testcase> <!-- f -->
</testsuite> <!-- Test -->
